Build started 9/26/2015 1:54:15 AM.
     1>Project "E:\Users\JoeGramuglia\documents\visual studio 2015\Projects\OPL\Canoga\Canoga\Canoga.vcxproj" on node 2 (Build target(s)).
     1>ClCompile:
         E:\Program Files (x86)\Microsoft Visual Studio 14.0\VC\bin\CL.exe /c /ZI /nologo /W3 /WX- /sdl /Od /Oy- /D WIN32 /D _DEBUG /D _CONSOLE /D _UNICODE /D UNICODE /Gm /EHsc /RTC1 /MDd /GS /fp:precise /Zc:wchar_t /Zc:forScope /Zc:inline /Fo"Debug\\" /Fd"Debug\vc140.pdb" /Gd /TP /analyze- /errorReport:prompt Main.cpp
         Main.cpp
     1>e:\users\joegramuglia\documents\visual studio 2015\projects\opl\canoga\canoga\main.cpp(151): warning C4018: '<': signed/unsigned mismatch
     1>e:\users\joegramuglia\documents\visual studio 2015\projects\opl\canoga\canoga\main.cpp(159): warning C4018: '<': signed/unsigned mismatch
     1>e:\users\joegramuglia\documents\visual studio 2015\projects\opl\canoga\canoga\main.cpp(183): warning C4018: '<': signed/unsigned mismatch
     1>e:\users\joegramuglia\documents\visual studio 2015\projects\opl\canoga\canoga\main.cpp(191): warning C4018: '<': signed/unsigned mismatch
     1>e:\users\joegramuglia\documents\visual studio 2015\projects\opl\canoga\canoga\main.cpp(235): warning C4018: '<': signed/unsigned mismatch
     1>e:\users\joegramuglia\documents\visual studio 2015\projects\opl\canoga\canoga\main.cpp(243): warning C4018: '<': signed/unsigned mismatch
     1>e:\users\joegramuglia\documents\visual studio 2015\projects\opl\canoga\canoga\main.cpp(281): warning C4018: '<': signed/unsigned mismatch
     1>e:\users\joegramuglia\documents\visual studio 2015\projects\opl\canoga\canoga\main.cpp(292): warning C4018: '<': signed/unsigned mismatch
     1>e:\users\joegramuglia\documents\visual studio 2015\projects\opl\canoga\canoga\main.cpp(344): warning C4018: '>': signed/unsigned mismatch
     1>e:\users\joegramuglia\documents\visual studio 2015\projects\opl\canoga\canoga\main.cpp(353): warning C4018: '<': signed/unsigned mismatch
     1>e:\users\joegramuglia\documents\visual studio 2015\projects\opl\canoga\canoga\main.cpp(368): warning C4018: '>': signed/unsigned mismatch
     1>e:\users\joegramuglia\documents\visual studio 2015\projects\opl\canoga\canoga\main.cpp(369): warning C4018: '<=': signed/unsigned mismatch
     1>e:\users\joegramuglia\documents\visual studio 2015\projects\opl\canoga\canoga\main.cpp(385): warning C4018: '>': signed/unsigned mismatch
     1>e:\users\joegramuglia\documents\visual studio 2015\projects\opl\canoga\canoga\main.cpp(394): warning C4018: '<': signed/unsigned mismatch
     1>e:\users\joegramuglia\documents\visual studio 2015\projects\opl\canoga\canoga\main.cpp(409): warning C4018: '>': signed/unsigned mismatch
     1>e:\users\joegramuglia\documents\visual studio 2015\projects\opl\canoga\canoga\main.cpp(410): warning C4018: '<=': signed/unsigned mismatch
     1>e:\users\joegramuglia\documents\visual studio 2015\projects\opl\canoga\canoga\main.cpp(444): warning C4018: '<': signed/unsigned mismatch
     1>e:\users\joegramuglia\documents\visual studio 2015\projects\opl\canoga\canoga\main.cpp(449): warning C4018: '<': signed/unsigned mismatch
     1>e:\users\joegramuglia\documents\visual studio 2015\projects\opl\canoga\canoga\main.cpp(495): warning C4018: '<': signed/unsigned mismatch
     1>e:\users\joegramuglia\documents\visual studio 2015\projects\opl\canoga\canoga\main.cpp(497): warning C4018: '<': signed/unsigned mismatch
     1>e:\users\joegramuglia\documents\visual studio 2015\projects\opl\canoga\canoga\main.cpp(506): warning C4018: '<': signed/unsigned mismatch
     1>e:\users\joegramuglia\documents\visual studio 2015\projects\opl\canoga\canoga\main.cpp(508): warning C4018: '<': signed/unsigned mismatch
     1>e:\users\joegramuglia\documents\visual studio 2015\projects\opl\canoga\canoga\main.cpp(552): warning C4018: '<': signed/unsigned mismatch
     1>e:\users\joegramuglia\documents\visual studio 2015\projects\opl\canoga\canoga\main.cpp(634): warning C4018: '<': signed/unsigned mismatch
     1>e:\users\joegramuglia\documents\visual studio 2015\projects\opl\canoga\canoga\main.cpp(638): warning C4018: '<': signed/unsigned mismatch
     1>e:\users\joegramuglia\documents\visual studio 2015\projects\opl\canoga\canoga\main.cpp(680): warning C4018: '<': signed/unsigned mismatch
     1>e:\users\joegramuglia\documents\visual studio 2015\projects\opl\canoga\canoga\main.cpp(684): warning C4018: '<': signed/unsigned mismatch
     1>e:\users\joegramuglia\documents\visual studio 2015\projects\opl\canoga\canoga\main.cpp(704): warning C4018: '>': signed/unsigned mismatch
     1>e:\users\joegramuglia\documents\visual studio 2015\projects\opl\canoga\canoga\main.cpp(736): warning C4018: '<': signed/unsigned mismatch
     1>e:\users\joegramuglia\documents\visual studio 2015\projects\opl\canoga\canoga\main.cpp(741): warning C4018: '<': signed/unsigned mismatch
     1>e:\users\joegramuglia\documents\visual studio 2015\projects\opl\canoga\canoga\main.cpp(778): warning C4018: '<': signed/unsigned mismatch
     1>e:\users\joegramuglia\documents\visual studio 2015\projects\opl\canoga\canoga\main.cpp(855): warning C4244: 'argument': conversion from 'time_t' to 'unsigned int', possible loss of data
     1>e:\users\joegramuglia\documents\visual studio 2015\projects\opl\canoga\canoga\main.cpp(893): warning C4018: '<': signed/unsigned mismatch
     1>e:\users\joegramuglia\documents\visual studio 2015\projects\opl\canoga\canoga\main.cpp(1050): warning C4018: '<': signed/unsigned mismatch
     1>e:\users\joegramuglia\documents\visual studio 2015\projects\opl\canoga\canoga\main.cpp(1055): warning C4018: '<': signed/unsigned mismatch
     1>e:\users\joegramuglia\documents\visual studio 2015\projects\opl\canoga\canoga\main.cpp(1098): warning C4018: '<': signed/unsigned mismatch
     1>e:\users\joegramuglia\documents\visual studio 2015\projects\opl\canoga\canoga\main.cpp(1103): warning C4018: '<': signed/unsigned mismatch
     1>e:\users\joegramuglia\documents\visual studio 2015\projects\opl\canoga\canoga\main.cpp(1172): warning C4018: '<': signed/unsigned mismatch
     1>e:\users\joegramuglia\documents\visual studio 2015\projects\opl\canoga\canoga\main.cpp(1180): warning C4018: '<': signed/unsigned mismatch
     1>e:\users\joegramuglia\documents\visual studio 2015\projects\opl\canoga\canoga\main.cpp(1190): warning C4018: '<': signed/unsigned mismatch
     1>e:\users\joegramuglia\documents\visual studio 2015\projects\opl\canoga\canoga\main.cpp(1198): warning C4018: '<': signed/unsigned mismatch
     1>e:\users\joegramuglia\documents\visual studio 2015\projects\opl\canoga\canoga\main.cpp(1256): warning C4018: '<': signed/unsigned mismatch
     1>e:\users\joegramuglia\documents\visual studio 2015\projects\opl\canoga\canoga\main.cpp(1268): warning C4018: '<': signed/unsigned mismatch
     1>e:\users\joegramuglia\documents\visual studio 2015\projects\opl\canoga\canoga\main.cpp(1472): warning C4018: '<': signed/unsigned mismatch
     1>e:\users\joegramuglia\documents\visual studio 2015\projects\opl\canoga\canoga\main.cpp(1484): warning C4018: '<': signed/unsigned mismatch
     1>e:\users\joegramuglia\documents\visual studio 2015\projects\opl\canoga\canoga\main.cpp(1493): warning C4018: '<': signed/unsigned mismatch
     1>e:\users\joegramuglia\documents\visual studio 2015\projects\opl\canoga\canoga\main.cpp(1505): warning C4018: '<': signed/unsigned mismatch
     1>e:\users\joegramuglia\documents\visual studio 2015\projects\opl\canoga\canoga\main.cpp(1515): warning C4018: '<': signed/unsigned mismatch
     1>e:\users\joegramuglia\documents\visual studio 2015\projects\opl\canoga\canoga\main.cpp(1527): warning C4018: '<': signed/unsigned mismatch
       Link:
         E:\Program Files (x86)\Microsoft Visual Studio 14.0\VC\bin\link.exe /ERRORREPORT:PROMPT /OUT:"E:\Users\JoeGramuglia\documents\visual studio 2015\Projects\OPL\Canoga\Debug\Canoga.exe" /INCREMENTAL /NOLOGO kernel32.lib user32.lib gdi32.lib winspool.lib comdlg32.lib advapi32.lib shell32.lib ole32.lib oleaut32.lib uuid.lib odbc32.lib odbccp32.lib /MANIFEST /MANIFESTUAC:"level='asInvoker' uiAccess='false'" /manifest:embed /Debug /PDB:"E:\Users\JoeGramuglia\documents\visual studio 2015\Projects\OPL\Canoga\Debug\Canoga.pdb" /SUBSYSTEM:CONSOLE /TLBID:1 /DYNAMICBASE /NXCOMPAT /IMPLIB:"E:\Users\JoeGramuglia\documents\visual studio 2015\Projects\OPL\Canoga\Debug\Canoga.lib" /MACHINE:X86 Debug\Board.obj
         Debug\Main.obj
         Canoga.vcxproj -> E:\Users\JoeGramuglia\documents\visual studio 2015\Projects\OPL\Canoga\Debug\Canoga.exe
     1>Done Building Project "E:\Users\JoeGramuglia\documents\visual studio 2015\Projects\OPL\Canoga\Canoga\Canoga.vcxproj" (Build target(s)).

Build succeeded.

Time Elapsed 00:00:01.89
